test/hello.c:38:    float pixel = 1024;
test/hello.c:40:    float i = 0.25 * pixel, j = 0.23 * pixel; // debugging
test/hello.c:41:    p.Set(i / pixel, j / pixel);
test/hello.c:46:        image.SetPixel(width * i / pixel, height * j / pixel, h.getMaterial()->getDiffuseColor());
test/hello.c:48:            imageDepth.SetPixel(width * i / pixel, height * j / pixel, h.getMaterial()->getDiffuseColor());
test/hello.c:51:    for (float i = 0; i < pixel; i++) // load the camera (0,0)->(1,1) 64*64 Generate Points on the sceen coordinate
test/hello.c:53:        for (float j = 0; j < pixel; j++)
test/hello.c:55:            p.Set(i / pixel, j / pixel); // Ray - generateRay(p)  //~Camera
test/hello.c:59:                image.SetPixel(width * i / pixel, height * j / pixel, h.getMaterial()->getDiffuseColor());
test/hello.c:73:                imageDepth.SetPixel(width * i / pixel, height * j / pixel, color);
test/hello.c:89:    float pixel = 1024;
test/hello.c:91:    for (float i = 0; i < pixel; i++)
test/hello.c:93:        for (float j = 0; j < pixel; j++)
test/hello.c:96:            p.Set(i / pixel, j / pixel); // Ray - generateRay(p)  //~Camera
test/hello.c:107:                imageNormal.SetPixel(width * i / pixel, height * j / pixel, Normalabs);
test/hello.c:120:    float pixel = 1024;
test/hello.c:125:    for (float i = 0; i < pixel; i++)
test/hello.c:127:        for (float j = 0; j < pixel; j++)
test/hello.c:129:            p.Set(i / pixel, j / pixel); // Ray - generateRay(p)  //~Camera
test/hello.c:157:                image.SetPixel(width * i / pixel, height * j / pixel, pcolor);
test/hellocopy.c:38:    float pixel = 1024;
test/hellocopy.c:40:    float i = 0.25 * pixel, j = 0.23 * pixel; // debugging
test/hellocopy.c:41:    p.Set(i / pixel, j / pixel);
test/hellocopy.c:46:        image.SetPixel(width * i / pixel, height * j / pixel, h.getMaterial()->getDiffuseColor());
test/hellocopy.c:48:            imageDepth.SetPixel(width * i / pixel, height * j / pixel, h.getMaterial()->getDiffuseColor());
test/hellocopy.c:51:    for (float i = 0; i < pixel; i++) // load the camera (0,0)->(1,1) 64*64 Generate Points on the sceen coordinate
test/hellocopy.c:53:        for (float j = 0; j < pixel; j++)
test/hellocopy.c:55:            p.Set(i / pixel, j / pixel); // Ray - generateRay(p)  //~Camera
test/hellocopy.c:59:                image.SetPixel(width * i / pixel, height * j / pixel, h.getMaterial()->getDiffuseColor());
test/hellocopy.c:73:                imageDepth.SetPixel(width * i / pixel, height * j / pixel, color);
test/hellocopy.c:89:    float pixel = 1024;
test/hellocopy.c:91:    for (float i = 0; i < pixel; i++)
test/hellocopy.c:93:        for (float j = 0; j < pixel; j++)
test/hellocopy.c:96:            p.Set(i / pixel, j / pixel); // Ray - generateRay(p)  //~Camera
test/hellocopy.c:107:                imageNormal.SetPixel(width * i / pixel, height * j / pixel, Normalabs);
test/hellocopy.c:120:    float pixel = 1024;
test/hellocopy.c:125:    for (float i = 0; i < pixel; i++)
test/hellocopy.c:127:        for (float j = 0; j < pixel; j++)
test/hellocopy.c:129:            p.Set(i / pixel, j / pixel); // Ray - generateRay(p)  //~Camera
test/hellocopy.c:157:                image.SetPixel(width * i / pixel, height * j / pixel, pcolor);
